<?xml version="1.0" encoding="UTF-8"?>
<testsuite xmlns:xsi="http://www.w3.org/2001/XMLSchema-instance" xsi:noNamespaceSchemaLocation="https://maven.apache.org/surefire/maven-surefire-plugin/xsd/surefire-test-report-3.0.xsd" version="3.0" name="com.ecommerce.catalog.domain.exception.InvalidProductDataExceptionMapperTest" time="0.001" tests="4" errors="0" skipped="0" failures="0">
  <properties>
    <property name="java.specification.version" value="21"/>
    <property name="test.url" value="http://localhost:8081"/>
    <property name="sun.jnu.encoding" value="UTF-8"/>
    <property name="java.class.path" value="/Users/JPBEDBEN/Documents/Github/Intervew-MercadoLibre-Senior-Backend-developer/target/test-classes:/Users/JPBEDBEN/Documents/Github/Intervew-MercadoLibre-Senior-Backend-developer/target/classes:/Users/JPBEDBEN/.m2/repository/io/quarkus/quarkus-resteasy-reactive-jackson/3.8.1/quarkus-resteasy-reactive-jackson-3.8.1.jar:/Users/JPBEDBEN/.m2/repository/io/quarkus/quarkus-resteasy-reactive/3.8.1/quarkus-resteasy-reactive-3.8.1.jar:/Users/JPBEDBEN/.m2/repository/io/quarkus/quarkus-resteasy-reactive-common/3.8.1/quarkus-resteasy-reactive-common-3.8.1.jar:/Users/JPBEDBEN/.m2/repository/io/quarkus/resteasy/reactive/resteasy-reactive-common/3.8.1/resteasy-reactive-common-3.8.1.jar:/Users/JPBEDBEN/.m2/repository/io/quarkus/resteasy/reactive/resteasy-reactive-common-types/3.8.1/resteasy-reactive-common-types-3.8.1.jar:/Users/JPBEDBEN/.m2/repository/org/reactivestreams/reactive-streams/1.0.4/reactive-streams-1.0.4.jar:/Users/JPBEDBEN/.m2/repository/io/smallrye/reactive/mutiny-zero-flow-adapters/1.0.0/mutiny-zero-flow-adapters-1.0.0.jar:/Users/JPBEDBEN/.m2/repository/io/quarkus/resteasy/reactive/resteasy-reactive-vertx/3.8.1/resteasy-reactive-vertx-3.8.1.jar:/Users/JPBEDBEN/.m2/repository/io/smallrye/reactive/smallrye-mutiny-vertx-core/3.9.0/smallrye-mutiny-vertx-core-3.9.0.jar:/Users/JPBEDBEN/.m2/repository/io/smallrye/reactive/smallrye-mutiny-vertx-runtime/3.9.0/smallrye-mutiny-vertx-runtime-3.9.0.jar:/Users/JPBEDBEN/.m2/repository/io/smallrye/reactive/vertx-mutiny-generator/3.9.0/vertx-mutiny-generator-3.9.0.jar:/Users/JPBEDBEN/.m2/repository/io/vertx/vertx-codegen/4.5.3/vertx-codegen-4.5.3.jar:/Users/JPBEDBEN/.m2/repository/io/quarkus/quarkus-virtual-threads/3.8.1/quarkus-virtual-threads-3.8.1.jar:/Users/JPBEDBEN/.m2/repository/io/vertx/vertx-core/4.5.3/vertx-core-4.5.3.jar:/Users/JPBEDBEN/.m2/repository/io/netty/netty-common/4.1.106.Final/netty-common-4.1.106.Final.jar:/Users/JPBEDBEN/.m2/repository/io/netty/netty-buffer/4.1.106.Final/netty-buffer-4.1.106.Final.jar:/Users/JPBEDBEN/.m2/repository/io/netty/netty-transport/4.1.106.Final/netty-transport-4.1.106.Final.jar:/Users/JPBEDBEN/.m2/repository/io/netty/netty-handler/4.1.106.Final/netty-handler-4.1.106.Final.jar:/Users/JPBEDBEN/.m2/repository/io/netty/netty-transport-native-unix-common/4.1.106.Final/netty-transport-native-unix-common-4.1.106.Final.jar:/Users/JPBEDBEN/.m2/repository/io/netty/netty-handler-proxy/4.1.106.Final/netty-handler-proxy-4.1.106.Final.jar:/Users/JPBEDBEN/.m2/repository/io/netty/netty-codec-socks/4.1.106.Final/netty-codec-socks-4.1.106.Final.jar:/Users/JPBEDBEN/.m2/repository/io/netty/netty-codec-http/4.1.106.Final/netty-codec-http-4.1.106.Final.jar:/Users/JPBEDBEN/.m2/repository/io/netty/netty-codec-http2/4.1.106.Final/netty-codec-http2-4.1.106.Final.jar:/Users/JPBEDBEN/.m2/repository/io/netty/netty-resolver/4.1.106.Final/netty-resolver-4.1.106.Final.jar:/Users/JPBEDBEN/.m2/repository/io/netty/netty-resolver-dns/4.1.106.Final/netty-resolver-dns-4.1.106.Final.jar:/Users/JPBEDBEN/.m2/repository/io/netty/netty-codec-dns/4.1.106.Final/netty-codec-dns-4.1.106.Final.jar:/Users/JPBEDBEN/.m2/repository/io/quarkus/quarkus-resteasy-reactive-jackson-common/3.8.1/quarkus-resteasy-reactive-jackson-common-3.8.1.jar:/Users/JPBEDBEN/.m2/repository/io/quarkus/quarkus-jackson/3.8.1/quarkus-jackson-3.8.1.jar:/Users/JPBEDBEN/.m2/repository/com/fasterxml/jackson/datatype/jackson-datatype-jsr310/2.16.1/jackson-datatype-jsr310-2.16.1.jar:/Users/JPBEDBEN/.m2/repository/com/fasterxml/jackson/datatype/jackson-datatype-jdk8/2.16.1/jackson-datatype-jdk8-2.16.1.jar:/Users/JPBEDBEN/.m2/repository/com/fasterxml/jackson/module/jackson-module-parameter-names/2.16.1/jackson-module-parameter-names-2.16.1.jar:/Users/JPBEDBEN/.m2/repository/io/quarkus/quarkus-hibernate-validator/3.8.1/quarkus-hibernate-validator-3.8.1.jar:/Users/JPBEDBEN/.m2/repository/io/quarkus/quarkus-core/3.8.1/quarkus-core-3.8.1.jar:/Users/JPBEDBEN/.m2/repository/jakarta/annotation/jakarta.annotation-api/2.1.1/jakarta.annotation-api-2.1.1.jar:/Users/JPBEDBEN/.m2/repository/jakarta/enterprise/jakarta.enterprise.cdi-api/4.0.1/jakarta.enterprise.cdi-api-4.0.1.jar:/Users/JPBEDBEN/.m2/repository/jakarta/inject/jakarta.inject-api/2.0.1/jakarta.inject-api-2.0.1.jar:/Users/JPBEDBEN/.m2/repository/io/smallrye/common/smallrye-common-os/2.1.2/smallrye-common-os-2.1.2.jar:/Users/JPBEDBEN/.m2/repository/io/quarkus/quarkus-ide-launcher/3.8.1/quarkus-ide-launcher-3.8.1.jar:/Users/JPBEDBEN/.m2/repository/io/quarkus/quarkus-development-mode-spi/3.8.1/quarkus-development-mode-spi-3.8.1.jar:/Users/JPBEDBEN/.m2/repository/io/smallrye/config/smallrye-config/3.5.4/smallrye-config-3.5.4.jar:/Users/JPBEDBEN/.m2/repository/io/smallrye/config/smallrye-config-core/3.5.4/smallrye-config-core-3.5.4.jar:/Users/JPBEDBEN/.m2/repository/io/smallrye/common/smallrye-common-classloader/2.1.2/smallrye-common-classloader-2.1.2.jar:/Users/JPBEDBEN/.m2/repository/io/smallrye/config/smallrye-config-common/3.5.4/smallrye-config-common-3.5.4.jar:/Users/JPBEDBEN/.m2/repository/org/jboss/logging/jboss-logging/3.5.3.Final/jboss-logging-3.5.3.Final.jar:/Users/JPBEDBEN/.m2/repository/org/jboss/logmanager/jboss-logmanager/3.0.4.Final/jboss-logmanager-3.0.4.Final.jar:/Users/JPBEDBEN/.m2/repository/io/smallrye/common/smallrye-common-constraint/2.1.2/smallrye-common-constraint-2.1.2.jar:/Users/JPBEDBEN/.m2/repository/io/smallrye/common/smallrye-common-cpu/2.1.2/smallrye-common-cpu-2.1.2.jar:/Users/JPBEDBEN/.m2/repository/io/smallrye/common/smallrye-common-expression/2.1.2/smallrye-common-expression-2.1.2.jar:/Users/JPBEDBEN/.m2/repository/io/smallrye/common/smallrye-common-function/2.1.2/smallrye-common-function-2.1.2.jar:/Users/JPBEDBEN/.m2/repository/io/smallrye/common/smallrye-common-net/2.1.2/smallrye-common-net-2.1.2.jar:/Users/JPBEDBEN/.m2/repository/io/smallrye/common/smallrye-common-ref/2.1.2/smallrye-common-ref-2.1.2.jar:/Users/JPBEDBEN/.m2/repository/org/jboss/logging/jboss-logging-annotations/2.2.1.Final/jboss-logging-annotations-2.2.1.Final.jar:/Users/JPBEDBEN/.m2/repository/org/jboss/threads/jboss-threads/3.5.1.Final/jboss-threads-3.5.1.Final.jar:/Users/JPBEDBEN/.m2/repository/org/jboss/slf4j/slf4j-jboss-logmanager/2.0.0.Final/slf4j-jboss-logmanager-2.0.0.Final.jar:/Users/JPBEDBEN/.m2/repository/org/wildfly/common/wildfly-common/1.7.0.Final/wildfly-common-1.7.0.Final.jar:/Users/JPBEDBEN/.m2/repository/io/quarkus/quarkus-bootstrap-runner/3.8.1/quarkus-bootstrap-runner-3.8.1.jar:/Users/JPBEDBEN/.m2/repository/io/quarkus/quarkus-fs-util/0.0.10/quarkus-fs-util-0.0.10.jar:/Users/JPBEDBEN/.m2/repository/org/hibernate/validator/hibernate-validator/8.0.1.Final/hibernate-validator-8.0.1.Final.jar:/Users/JPBEDBEN/.m2/repository/jakarta/validation/jakarta.validation-api/3.0.2/jakarta.validation-api-3.0.2.jar:/Users/JPBEDBEN/.m2/repository/com/fasterxml/classmate/1.6.0/classmate-1.6.0.jar:/Users/JPBEDBEN/.m2/repository/org/glassfish/expressly/expressly/5.0.0/expressly-5.0.0.jar:/Users/JPBEDBEN/.m2/repository/jakarta/el/jakarta.el-api/5.0.1/jakarta.el-api-5.0.1.jar:/Users/JPBEDBEN/.m2/repository/io/smallrye/config/smallrye-config-validator/3.5.4/smallrye-config-validator-3.5.4.jar:/Users/JPBEDBEN/.m2/repository/jakarta/ws/rs/jakarta.ws.rs-api/3.1.0/jakarta.ws.rs-api-3.1.0.jar:/Users/JPBEDBEN/.m2/repository/io/quarkus/quarkus-smallrye-openapi/3.8.1/quarkus-smallrye-openapi-3.8.1.jar:/Users/JPBEDBEN/.m2/repository/io/smallrye/smallrye-open-api-core/3.10.0/smallrye-open-api-core-3.10.0.jar:/Users/JPBEDBEN/.m2/repository/org/eclipse/microprofile/config/microprofile-config-api/3.0.3/microprofile-config-api-3.0.3.jar:/Users/JPBEDBEN/.m2/repository/com/fasterxml/jackson/core/jackson-core/2.16.1/jackson-core-2.16.1.jar:/Users/JPBEDBEN/.m2/repository/com/fasterxml/jackson/core/jackson-databind/2.16.1/jackson-databind-2.16.1.jar:/Users/JPBEDBEN/.m2/repository/com/fasterxml/jackson/core/jackson-annotations/2.16.1/jackson-annotations-2.16.1.jar:/Users/JPBEDBEN/.m2/repository/com/fasterxml/jackson/dataformat/jackson-dataformat-yaml/2.16.1/jackson-dataformat-yaml-2.16.1.jar:/Users/JPBEDBEN/.m2/repository/org/yaml/snakeyaml/2.2/snakeyaml-2.2.jar:/Users/JPBEDBEN/.m2/repository/io/smallrye/jandex/3.1.6/jandex-3.1.6.jar:/Users/JPBEDBEN/.m2/repository/io/quarkus/quarkus-vertx-http/3.8.1/quarkus-vertx-http-3.8.1.jar:/Users/JPBEDBEN/.m2/repository/io/quarkus/quarkus-security-runtime-spi/3.8.1/quarkus-security-runtime-spi-3.8.1.jar:/Users/JPBEDBEN/.m2/repository/io/quarkus/quarkus-credentials/3.8.1/quarkus-credentials-3.8.1.jar:/Users/JPBEDBEN/.m2/repository/io/smallrye/common/smallrye-common-vertx-context/2.1.2/smallrye-common-vertx-context-2.1.2.jar:/Users/JPBEDBEN/.m2/repository/io/quarkus/security/quarkus-security/2.0.3.Final/quarkus-security-2.0.3.Final.jar:/Users/JPBEDBEN/.m2/repository/io/quarkus/quarkus-vertx/3.8.1/quarkus-vertx-3.8.1.jar:/Users/JPBEDBEN/.m2/repository/io/quarkus/quarkus-netty/3.8.1/quarkus-netty-3.8.1.jar:/Users/JPBEDBEN/.m2/repository/io/netty/netty-codec/4.1.106.Final/netty-codec-4.1.106.Final.jar:/Users/JPBEDBEN/.m2/repository/com/aayushatharva/brotli4j/brotli4j/1.14.0/brotli4j-1.14.0.jar:/Users/JPBEDBEN/.m2/repository/com/aayushatharva/brotli4j/service/1.14.0/service-1.14.0.jar:/Users/JPBEDBEN/.m2/repository/com/aayushatharva/brotli4j/native-osx-aarch64/1.14.0/native-osx-aarch64-1.14.0.jar:/Users/JPBEDBEN/.m2/repository/io/netty/netty-codec-haproxy/4.1.106.Final/netty-codec-haproxy-4.1.106.Final.jar:/Users/JPBEDBEN/.m2/repository/io/smallrye/common/smallrye-common-annotation/2.1.2/smallrye-common-annotation-2.1.2.jar:/Users/JPBEDBEN/.m2/repository/io/quarkus/quarkus-vertx-latebound-mdc-provider/3.8.1/quarkus-vertx-latebound-mdc-provider-3.8.1.jar:/Users/JPBEDBEN/.m2/repository/io/smallrye/smallrye-fault-tolerance-vertx/6.2.6/smallrye-fault-tolerance-vertx-6.2.6.jar:/Users/JPBEDBEN/.m2/repository/io/smallrye/reactive/smallrye-mutiny-vertx-web/3.9.0/smallrye-mutiny-vertx-web-3.9.0.jar:/Users/JPBEDBEN/.m2/repository/io/smallrye/reactive/smallrye-mutiny-vertx-web-common/3.9.0/smallrye-mutiny-vertx-web-common-3.9.0.jar:/Users/JPBEDBEN/.m2/repository/io/smallrye/reactive/smallrye-mutiny-vertx-auth-common/3.9.0/smallrye-mutiny-vertx-auth-common-3.9.0.jar:/Users/JPBEDBEN/.m2/repository/io/smallrye/reactive/smallrye-mutiny-vertx-bridge-common/3.9.0/smallrye-mutiny-vertx-bridge-common-3.9.0.jar:/Users/JPBEDBEN/.m2/repository/io/smallrye/reactive/smallrye-mutiny-vertx-uri-template/3.9.0/smallrye-mutiny-vertx-uri-template-3.9.0.jar:/Users/JPBEDBEN/.m2/repository/io/vertx/vertx-uri-template/4.5.3/vertx-uri-template-4.5.3.jar:/Users/JPBEDBEN/.m2/repository/io/vertx/vertx-web/4.5.3/vertx-web-4.5.3.jar:/Users/JPBEDBEN/.m2/repository/io/vertx/vertx-web-common/4.5.3/vertx-web-common-4.5.3.jar:/Users/JPBEDBEN/.m2/repository/io/vertx/vertx-auth-common/4.5.3/vertx-auth-common-4.5.3.jar:/Users/JPBEDBEN/.m2/repository/io/vertx/vertx-bridge-common/4.5.3/vertx-bridge-common-4.5.3.jar:/Users/JPBEDBEN/.m2/repository/io/github/crac/org-crac/0.1.3/org-crac-0.1.3.jar:/Users/JPBEDBEN/.m2/repository/io/quarkus/quarkus-swagger-ui/3.8.1/quarkus-swagger-ui-3.8.1.jar:/Users/JPBEDBEN/.m2/repository/io/quarkus/quarkus-smallrye-health/3.8.1/quarkus-smallrye-health-3.8.1.jar:/Users/JPBEDBEN/.m2/repository/io/smallrye/smallrye-health/4.1.0/smallrye-health-4.1.0.jar:/Users/JPBEDBEN/.m2/repository/org/eclipse/microprofile/health/microprofile-health-api/4.0.1/microprofile-health-api-4.0.1.jar:/Users/JPBEDBEN/.m2/repository/io/smallrye/smallrye-health-api/4.1.0/smallrye-health-api-4.1.0.jar:/Users/JPBEDBEN/.m2/repository/jakarta/json/jakarta.json-api/2.1.3/jakarta.json-api-2.1.3.jar:/Users/JPBEDBEN/.m2/repository/io/smallrye/smallrye-health-provided-checks/4.1.0/smallrye-health-provided-checks-4.1.0.jar:/Users/JPBEDBEN/.m2/repository/io/quarkus/quarkus-jsonp/3.8.1/quarkus-jsonp-3.8.1.jar:/Users/JPBEDBEN/.m2/repository/org/eclipse/parsson/parsson/1.1.5/parsson-1.1.5.jar:/Users/JPBEDBEN/.m2/repository/io/quarkus/quarkus-arc/3.8.1/quarkus-arc-3.8.1.jar:/Users/JPBEDBEN/.m2/repository/io/quarkus/arc/arc/3.8.1/arc-3.8.1.jar:/Users/JPBEDBEN/.m2/repository/jakarta/transaction/jakarta.transaction-api/2.0.1/jakarta.transaction-api-2.0.1.jar:/Users/JPBEDBEN/.m2/repository/io/smallrye/reactive/mutiny/2.5.7/mutiny-2.5.7.jar:/Users/JPBEDBEN/.m2/repository/org/eclipse/microprofile/context-propagation/microprofile-context-propagation-api/1.3/microprofile-context-propagation-api-1.3.jar:/Users/JPBEDBEN/.m2/repository/jakarta/platform/jakarta.jakartaee-api/11.0.0-M4/jakarta.jakartaee-api-11.0.0-M4.jar:/Users/JPBEDBEN/.m2/repository/jakarta/platform/jakarta.jakartaee-web-api/11.0.0-M4/jakarta.jakartaee-web-api-11.0.0-M4.jar:/Users/JPBEDBEN/.m2/repository/jakarta/servlet/jakarta.servlet-api/6.0.0/jakarta.servlet-api-6.0.0.jar:/Users/JPBEDBEN/.m2/repository/jakarta/servlet/jsp/jakarta.servlet.jsp-api/4.0.0/jakarta.servlet.jsp-api-4.0.0.jar:/Users/JPBEDBEN/.m2/repository/jakarta/data/jakarta.data-api/1.0.0/jakarta.data-api-1.0.0.jar:/Users/JPBEDBEN/.m2/repository/jakarta/enterprise/jakarta.enterprise.cdi-el-api/4.1.0/jakarta.enterprise.cdi-el-api-4.1.0.jar:/Users/JPBEDBEN/.m2/repository/jakarta/servlet/jsp/jstl/jakarta.servlet.jsp.jstl-api/3.0.0/jakarta.servlet.jsp.jstl-api-3.0.0.jar:/Users/JPBEDBEN/.m2/repository/jakarta/faces/jakarta.faces-api/4.1.0/jakarta.faces-api-4.1.0.jar:/Users/JPBEDBEN/.m2/repository/jakarta/websocket/jakarta.websocket-api/2.1.1/jakarta.websocket-api-2.1.1.jar:/Users/JPBEDBEN/.m2/repository/jakarta/websocket/jakarta.websocket-client-api/2.2.0/jakarta.websocket-client-api-2.2.0.jar:/Users/JPBEDBEN/.m2/repository/jakarta/ejb/jakarta.ejb-api/4.0.1/jakarta.ejb-api-4.0.1.jar:/Users/JPBEDBEN/.m2/repository/jakarta/persistence/jakarta.persistence-api/3.1.0/jakarta.persistence-api-3.1.0.jar:/Users/JPBEDBEN/.m2/repository/jakarta/authentication/jakarta.authentication-api/3.0.0/jakarta.authentication-api-3.0.0.jar:/Users/JPBEDBEN/.m2/repository/jakarta/security/enterprise/jakarta.security.enterprise-api/4.0.0/jakarta.security.enterprise-api-4.0.0.jar:/Users/JPBEDBEN/.m2/repository/jakarta/enterprise/concurrent/jakarta.enterprise.concurrent-api/3.1.0/jakarta.enterprise.concurrent-api-3.1.0.jar:/Users/JPBEDBEN/.m2/repository/jakarta/platform/jakarta.jakartaee-core-api/11.0.0-M4/jakarta.jakartaee-core-api-11.0.0-M4.jar:/Users/JPBEDBEN/.m2/repository/jakarta/json/bind/jakarta.json.bind-api/3.0.0/jakarta.json.bind-api-3.0.0.jar:/Users/JPBEDBEN/.m2/repository/jakarta/interceptor/jakarta.interceptor-api/2.1.0/jakarta.interceptor-api-2.1.0.jar:/Users/JPBEDBEN/.m2/repository/jakarta/enterprise/jakarta.enterprise.lang-model/4.1.0/jakarta.enterprise.lang-model-4.1.0.jar:/Users/JPBEDBEN/.m2/repository/jakarta/jms/jakarta.jms-api/3.1.0/jakarta.jms-api-3.1.0.jar:/Users/JPBEDBEN/.m2/repository/jakarta/activation/jakarta.activation-api/2.1.2/jakarta.activation-api-2.1.2.jar:/Users/JPBEDBEN/.m2/repository/jakarta/mail/jakarta.mail-api/2.1.3/jakarta.mail-api-2.1.3.jar:/Users/JPBEDBEN/.m2/repository/jakarta/resource/jakarta.resource-api/2.1.0/jakarta.resource-api-2.1.0.jar:/Users/JPBEDBEN/.m2/repository/jakarta/authorization/jakarta.authorization-api/2.1.0/jakarta.authorization-api-2.1.0.jar:/Users/JPBEDBEN/.m2/repository/jakarta/batch/jakarta.batch-api/2.1.1/jakarta.batch-api-2.1.1.jar:/Users/JPBEDBEN/.m2/repository/io/quarkus/quarkus-rest-client-reactive-jackson/3.8.1/quarkus-rest-client-reactive-jackson-3.8.1.jar:/Users/JPBEDBEN/.m2/repository/io/quarkus/resteasy/reactive/resteasy-reactive-jackson/3.8.1/resteasy-reactive-jackson-3.8.1.jar:/Users/JPBEDBEN/.m2/repository/io/quarkus/resteasy/reactive/resteasy-reactive/3.8.1/resteasy-reactive-3.8.1.jar:/Users/JPBEDBEN/.m2/repository/org/jboss/logging/commons-logging-jboss-logging/1.0.0.Final/commons-logging-jboss-logging-1.0.0.Final.jar:/Users/JPBEDBEN/.m2/repository/jakarta/xml/bind/jakarta.xml.bind-api/4.0.1/jakarta.xml.bind-api-4.0.1.jar:/Users/JPBEDBEN/.m2/repository/io/quarkus/quarkus-rest-client-reactive/3.8.1/quarkus-rest-client-reactive-3.8.1.jar:/Users/JPBEDBEN/.m2/repository/io/quarkus/quarkus-jaxrs-client-reactive/3.8.1/quarkus-jaxrs-client-reactive-3.8.1.jar:/Users/JPBEDBEN/.m2/repository/io/quarkus/resteasy/reactive/resteasy-reactive-client/3.8.1/resteasy-reactive-client-3.8.1.jar:/Users/JPBEDBEN/.m2/repository/io/vertx/vertx-web-client/4.5.3/vertx-web-client-4.5.3.jar:/Users/JPBEDBEN/.m2/repository/io/quarkus/quarkus-smallrye-stork/3.8.1/quarkus-smallrye-stork-3.8.1.jar:/Users/JPBEDBEN/.m2/repository/io/quarkus/quarkus-rest-client-config/3.8.1/quarkus-rest-client-config-3.8.1.jar:/Users/JPBEDBEN/.m2/repository/io/smallrye/stork/stork-api/2.5.0/stork-api-2.5.0.jar:/Users/JPBEDBEN/.m2/repository/io/smallrye/stork/stork-core/2.5.0/stork-core-2.5.0.jar:/Users/JPBEDBEN/.m2/repository/org/eclipse/microprofile/rest/client/microprofile-rest-client-api/3.0.1/microprofile-rest-client-api-3.0.1.jar:/Users/JPBEDBEN/.m2/repository/io/quarkus/quarkus-junit5/3.8.1/quarkus-junit5-3.8.1.jar:/Users/JPBEDBEN/.m2/repository/io/quarkus/quarkus-bootstrap-core/3.8.1/quarkus-bootstrap-core-3.8.1.jar:/Users/JPBEDBEN/.m2/repository/io/quarkus/quarkus-bootstrap-app-model/3.8.1/quarkus-bootstrap-app-model-3.8.1.jar:/Users/JPBEDBEN/.m2/repository/io/smallrye/common/smallrye-common-io/2.1.2/smallrye-common-io-2.1.2.jar:/Users/JPBEDBEN/.m2/repository/org/eclipse/sisu/org.eclipse.sisu.inject/0.9.0.M2/org.eclipse.sisu.inject-0.9.0.M2.jar:/Users/JPBEDBEN/.m2/repository/io/quarkus/quarkus-test-common/3.8.1/quarkus-test-common-3.8.1.jar:/Users/JPBEDBEN/.m2/repository/io/quarkus/quarkus-core-deployment/3.8.1/quarkus-core-deployment-3.8.1.jar:/Users/JPBEDBEN/.m2/repository/org/aesh/readline/2.4/readline-2.4.jar:/Users/JPBEDBEN/.m2/repository/org/fusesource/jansi/jansi/2.4.0/jansi-2.4.0.jar:/Users/JPBEDBEN/.m2/repository/org/aesh/aesh/2.7/aesh-2.7.jar:/Users/JPBEDBEN/.m2/repository/io/quarkus/gizmo/gizmo/1.7.0/gizmo-1.7.0.jar:/Users/JPBEDBEN/.m2/repository/org/ow2/asm/asm-util/9.6/asm-util-9.6.jar:/Users/JPBEDBEN/.m2/repository/org/ow2/asm/asm-analysis/9.6/asm-analysis-9.6.jar:/Users/JPBEDBEN/.m2/repository/org/ow2/asm/asm/9.6/asm-9.6.jar:/Users/JPBEDBEN/.m2/repository/org/ow2/asm/asm-commons/9.6/asm-commons-9.6.jar:/Users/JPBEDBEN/.m2/repository/org/ow2/asm/asm-tree/9.6/asm-tree-9.6.jar:/Users/JPBEDBEN/.m2/repository/io/quarkus/quarkus-class-change-agent/3.8.1/quarkus-class-change-agent-3.8.1.jar:/Users/JPBEDBEN/.m2/repository/io/quarkus/quarkus-devtools-utilities/3.8.1/quarkus-devtools-utilities-3.8.1.jar:/Users/JPBEDBEN/.m2/repository/io/quarkus/quarkus-builder/3.8.1/quarkus-builder-3.8.1.jar:/Users/JPBEDBEN/.m2/repository/org/graalvm/sdk/graal-sdk/23.0.1/graal-sdk-23.0.1.jar:/Users/JPBEDBEN/.m2/repository/org/junit/platform/junit-platform-launcher/1.10.1/junit-platform-launcher-1.10.1.jar:/Users/JPBEDBEN/.m2/repository/io/quarkus/quarkus-bootstrap-maven-resolver/3.8.1/quarkus-bootstrap-maven-resolver-3.8.1.jar:/Users/JPBEDBEN/.m2/repository/io/smallrye/beanbag/smallrye-beanbag-maven/1.4.0/smallrye-beanbag-maven-1.4.0.jar:/Users/JPBEDBEN/.m2/repository/io/smallrye/beanbag/smallrye-beanbag-sisu/1.4.0/smallrye-beanbag-sisu-1.4.0.jar:/Users/JPBEDBEN/.m2/repository/io/smallrye/beanbag/smallrye-beanbag/1.4.0/smallrye-beanbag-1.4.0.jar:/Users/JPBEDBEN/.m2/repository/javax/inject/javax.inject/1/javax.inject-1.jar:/Users/JPBEDBEN/.m2/repository/org/apache/maven/maven-artifact/3.9.6/maven-artifact-3.9.6.jar:/Users/JPBEDBEN/.m2/repository/org/apache/maven/maven-builder-support/3.9.6/maven-builder-support-3.9.6.jar:/Users/JPBEDBEN/.m2/repository/org/apache/maven/maven-model/3.9.6/maven-model-3.9.6.jar:/Users/JPBEDBEN/.m2/repository/org/apache/maven/maven-model-builder/3.9.6/maven-model-builder-3.9.6.jar:/Users/JPBEDBEN/.m2/repository/org/apache/maven/maven-repository-metadata/3.9.6/maven-repository-metadata-3.9.6.jar:/Users/JPBEDBEN/.m2/repository/org/apache/maven/maven-settings/3.9.6/maven-settings-3.9.6.jar:/Users/JPBEDBEN/.m2/repository/org/apache/maven/resolver/maven-resolver-api/1.9.18/maven-resolver-api-1.9.18.jar:/Users/JPBEDBEN/.m2/repository/org/apache/maven/resolver/maven-resolver-impl/1.9.18/maven-resolver-impl-1.9.18.jar:/Users/JPBEDBEN/.m2/repository/org/apache/maven/resolver/maven-resolver-named-locks/1.9.18/maven-resolver-named-locks-1.9.18.jar:/Users/JPBEDBEN/.m2/repository/org/apache/maven/resolver/maven-resolver-spi/1.9.18/maven-resolver-spi-1.9.18.jar:/Users/JPBEDBEN/.m2/repository/org/apache/maven/resolver/maven-resolver-util/1.9.18/maven-resolver-util-1.9.18.jar:/Users/JPBEDBEN/.m2/repository/org/apache/maven/resolver/maven-resolver-transport-http/1.9.18/maven-resolver-transport-http-1.9.18.jar:/Users/JPBEDBEN/.m2/repository/org/apache/maven/wagon/wagon-provider-api/3.5.3/wagon-provider-api-3.5.3.jar:/Users/JPBEDBEN/.m2/repository/org/apache/maven/wagon/wagon-http-shared/3.5.3/wagon-http-shared-3.5.3.jar:/Users/JPBEDBEN/.m2/repository/org/codehaus/plexus/plexus-interpolation/1.26/plexus-interpolation-1.26.jar:/Users/JPBEDBEN/.m2/repository/org/codehaus/plexus/plexus-utils/3.5.1/plexus-utils-3.5.1.jar:/Users/JPBEDBEN/.m2/repository/org/codehaus/plexus/plexus-xml/4.0.0/plexus-xml-4.0.0.jar:/Users/JPBEDBEN/.m2/repository/org/apache/maven/maven-xml-impl/4.0.0-alpha-5/maven-xml-impl-4.0.0-alpha-5.jar:/Users/JPBEDBEN/.m2/repository/org/apache/maven/maven-api-xml/4.0.0-alpha-5/maven-api-xml-4.0.0-alpha-5.jar:/Users/JPBEDBEN/.m2/repository/org/apache/maven/maven-api-meta/4.0.0-alpha-5/maven-api-meta-4.0.0-alpha-5.jar:/Users/JPBEDBEN/.m2/repository/org/codehaus/plexus/plexus-cipher/2.0/plexus-cipher-2.0.jar:/Users/JPBEDBEN/.m2/repository/org/codehaus/plexus/plexus-sec-dispatcher/2.0/plexus-sec-dispatcher-2.0.jar:/Users/JPBEDBEN/.m2/repository/org/apache/maven/maven-embedder/3.9.6/maven-embedder-3.9.6.jar:/Users/JPBEDBEN/.m2/repository/org/apache/maven/maven-core/3.9.6/maven-core-3.9.6.jar:/Users/JPBEDBEN/.m2/repository/org/codehaus/plexus/plexus-component-annotations/2.1.0/plexus-component-annotations-2.1.0.jar:/Users/JPBEDBEN/.m2/repository/org/apache/maven/maven-plugin-api/3.9.6/maven-plugin-api-3.9.6.jar:/Users/JPBEDBEN/.m2/repository/org/apache/maven/shared/maven-shared-utils/3.3.4/maven-shared-utils-3.3.4.jar:/Users/JPBEDBEN/.m2/repository/com/google/inject/guice/5.1.0/guice-5.1.0.jar:/Users/JPBEDBEN/.m2/repository/aopalliance/aopalliance/1.0/aopalliance-1.0.jar:/Users/JPBEDBEN/.m2/repository/com/google/guava/guava/33.0.0-jre/guava-33.0.0-jre.jar:/Users/JPBEDBEN/.m2/repository/com/google/guava/failureaccess/1.0.1/failureaccess-1.0.1.jar:/Users/JPBEDBEN/.m2/repository/javax/annotation/javax.annotation-api/1.3.2/javax.annotation-api-1.3.2.jar:/Users/JPBEDBEN/.m2/repository/org/codehaus/plexus/plexus-classworlds/2.6.0/plexus-classworlds-2.6.0.jar:/Users/JPBEDBEN/.m2/repository/commons-cli/commons-cli/1.5.0/commons-cli-1.5.0.jar:/Users/JPBEDBEN/.m2/repository/org/eclipse/sisu/org.eclipse.sisu.plexus/0.9.0.M2/org.eclipse.sisu.plexus-0.9.0.M2.jar:/Users/JPBEDBEN/.m2/repository/org/apache/maven/maven-settings-builder/3.9.6/maven-settings-builder-3.9.6.jar:/Users/JPBEDBEN/.m2/repository/org/apache/maven/maven-resolver-provider/3.9.6/maven-resolver-provider-3.9.6.jar:/Users/JPBEDBEN/.m2/repository/org/apache/maven/resolver/maven-resolver-connector-basic/1.9.18/maven-resolver-connector-basic-1.9.18.jar:/Users/JPBEDBEN/.m2/repository/org/apache/maven/resolver/maven-resolver-transport-wagon/1.9.18/maven-resolver-transport-wagon-1.9.18.jar:/Users/JPBEDBEN/.m2/repository/org/apache/maven/wagon/wagon-http/3.5.3/wagon-http-3.5.3.jar:/Users/JPBEDBEN/.m2/repository/org/apache/maven/wagon/wagon-file/3.5.3/wagon-file-3.5.3.jar:/Users/JPBEDBEN/.m2/repository/io/quarkus/quarkus-bootstrap-gradle-resolver/3.8.1/quarkus-bootstrap-gradle-resolver-3.8.1.jar:/Users/JPBEDBEN/.m2/repository/commons-io/commons-io/2.15.1/commons-io-2.15.1.jar:/Users/JPBEDBEN/.m2/repository/io/quarkus/quarkus-junit5-properties/3.8.1/quarkus-junit5-properties-3.8.1.jar:/Users/JPBEDBEN/.m2/repository/org/junit/jupiter/junit-jupiter/5.10.1/junit-jupiter-5.10.1.jar:/Users/JPBEDBEN/.m2/repository/org/junit/jupiter/junit-jupiter-params/5.10.1/junit-jupiter-params-5.10.1.jar:/Users/JPBEDBEN/.m2/repository/org/junit/jupiter/junit-jupiter-engine/5.10.1/junit-jupiter-engine-5.10.1.jar:/Users/JPBEDBEN/.m2/repository/org/junit/platform/junit-platform-engine/1.10.1/junit-platform-engine-1.10.1.jar:/Users/JPBEDBEN/.m2/repository/com/thoughtworks/xstream/xstream/1.4.20/xstream-1.4.20.jar:/Users/JPBEDBEN/.m2/repository/io/github/x-stream/mxparser/1.2.2/mxparser-1.2.2.jar:/Users/JPBEDBEN/.m2/repository/xmlpull/xmlpull/1.1.3.1/xmlpull-1.1.3.1.jar:/Users/JPBEDBEN/.m2/repository/io/rest-assured/rest-assured/5.4.0/rest-assured-5.4.0.jar:/Users/JPBEDBEN/.m2/repository/org/apache/groovy/groovy/4.0.16/groovy-4.0.16.jar:/Users/JPBEDBEN/.m2/repository/org/apache/groovy/groovy-xml/4.0.16/groovy-xml-4.0.16.jar:/Users/JPBEDBEN/.m2/repository/org/apache/httpcomponents/httpclient/4.5.14/httpclient-4.5.14.jar:/Users/JPBEDBEN/.m2/repository/org/apache/httpcomponents/httpcore/4.4.16/httpcore-4.4.16.jar:/Users/JPBEDBEN/.m2/repository/commons-codec/commons-codec/1.16.1/commons-codec-1.16.1.jar:/Users/JPBEDBEN/.m2/repository/org/apache/httpcomponents/httpmime/4.5.14/httpmime-4.5.14.jar:/Users/JPBEDBEN/.m2/repository/org/hamcrest/hamcrest/2.2/hamcrest-2.2.jar:/Users/JPBEDBEN/.m2/repository/org/ccil/cowan/tagsoup/tagsoup/1.2.1/tagsoup-1.2.1.jar:/Users/JPBEDBEN/.m2/repository/io/rest-assured/json-path/5.4.0/json-path-5.4.0.jar:/Users/JPBEDBEN/.m2/repository/org/apache/groovy/groovy-json/4.0.16/groovy-json-4.0.16.jar:/Users/JPBEDBEN/.m2/repository/io/rest-assured/rest-assured-common/5.4.0/rest-assured-common-5.4.0.jar:/Users/JPBEDBEN/.m2/repository/io/rest-assured/xml-path/5.4.0/xml-path-5.4.0.jar:/Users/JPBEDBEN/.m2/repository/org/apache/commons/commons-lang3/3.14.0/commons-lang3-3.14.0.jar:/Users/JPBEDBEN/.m2/repository/org/mockito/mockito-core/5.8.0/mockito-core-5.8.0.jar:/Users/JPBEDBEN/.m2/repository/net/bytebuddy/byte-buddy/1.14.11/byte-buddy-1.14.11.jar:/Users/JPBEDBEN/.m2/repository/net/bytebuddy/byte-buddy-agent/1.14.10/byte-buddy-agent-1.14.10.jar:/Users/JPBEDBEN/.m2/repository/org/objenesis/objenesis/3.3/objenesis-3.3.jar:/Users/JPBEDBEN/.m2/repository/org/mockito/mockito-junit-jupiter/5.8.0/mockito-junit-jupiter-5.8.0.jar:/Users/JPBEDBEN/.m2/repository/org/junit/jupiter/junit-jupiter-api/5.10.1/junit-jupiter-api-5.10.1.jar:/Users/JPBEDBEN/.m2/repository/org/opentest4j/opentest4j/1.3.0/opentest4j-1.3.0.jar:/Users/JPBEDBEN/.m2/repository/org/junit/platform/junit-platform-commons/1.10.1/junit-platform-commons-1.10.1.jar:/Users/JPBEDBEN/.m2/repository/org/apiguardian/apiguardian-api/1.1.2/apiguardian-api-1.1.2.jar:/Users/JPBEDBEN/.m2/repository/org/projectlombok/lombok/1.18.30/lombok-1.18.30.jar:/Users/JPBEDBEN/.m2/repository/com/jayway/jsonpath/json-path/2.9.0/json-path-2.9.0.jar:/Users/JPBEDBEN/.m2/repository/net/minidev/json-smart/2.5.0/json-smart-2.5.0.jar:/Users/JPBEDBEN/.m2/repository/net/minidev/accessors-smart/2.5.0/accessors-smart-2.5.0.jar:/Users/JPBEDBEN/.m2/repository/org/slf4j/slf4j-api/2.0.6/slf4j-api-2.0.6.jar:/Users/JPBEDBEN/.m2/repository/org/eclipse/microprofile/openapi/microprofile-openapi-api/3.1.1/microprofile-openapi-api-3.1.1.jar:/Users/JPBEDBEN/.m2/repository/io/quarkus/quarkus-junit5-mockito/3.8.1/quarkus-junit5-mockito-3.8.1.jar:/Users/JPBEDBEN/.m2/repository/io/quarkus/quarkus-junit5-mockito-config/3.8.1/quarkus-junit5-mockito-config-3.8.1.jar:/Users/JPBEDBEN/.m2/repository/io/quarkus/quarkus-arc-deployment/3.8.1/quarkus-arc-deployment-3.8.1.jar:/Users/JPBEDBEN/.m2/repository/io/quarkus/quarkus-smallrye-context-propagation-spi/3.8.1/quarkus-smallrye-context-propagation-spi-3.8.1.jar:/Users/JPBEDBEN/.m2/repository/io/quarkus/quarkus-vertx-http-dev-ui-spi/3.8.1/quarkus-vertx-http-dev-ui-spi-3.8.1.jar:/Users/JPBEDBEN/.m2/repository/io/quarkus/arc/arc-processor/3.8.1/arc-processor-3.8.1.jar:/Users/JPBEDBEN/.m2/repository/io/quarkus/quarkus-arc-test-supplement/3.8.1/quarkus-arc-test-supplement-3.8.1.jar:/Users/JPBEDBEN/.m2/repository/org/mockito/mockito-subclass/5.8.0/mockito-subclass-5.8.0.jar:/Users/JPBEDBEN/.m2/repository/io/quarkus/quarkus-mutiny/3.8.1/quarkus-mutiny-3.8.1.jar:/Users/JPBEDBEN/.m2/repository/io/quarkus/quarkus-smallrye-context-propagation/3.8.1/quarkus-smallrye-context-propagation-3.8.1.jar:/Users/JPBEDBEN/.m2/repository/io/smallrye/smallrye-context-propagation/2.1.0/smallrye-context-propagation-2.1.0.jar:/Users/JPBEDBEN/.m2/repository/io/smallrye/smallrye-context-propagation-api/2.1.0/smallrye-context-propagation-api-2.1.0.jar:/Users/JPBEDBEN/.m2/repository/io/smallrye/smallrye-context-propagation-storage/2.1.0/smallrye-context-propagation-storage-2.1.0.jar:/Users/JPBEDBEN/.m2/repository/io/smallrye/reactive/mutiny-smallrye-context-propagation/2.5.7/mutiny-smallrye-context-propagation-2.5.7.jar:"/>
    <property name="java.vm.vendor" value="GraalVM Community"/>
    <property name="sun.arch.data.model" value="64"/>
    <property name="java.vendor.url" value="https://www.graalvm.org/"/>
    <property name="user.timezone" value="America/Bogota"/>
    <property name="logging.initial-configurator.min-level" value="500"/>
    <property name="java.vm.specification.version" value="21"/>
    <property name="os.name" value="Mac OS X"/>
    <property name="sun.java.launcher" value="SUN_STANDARD"/>
    <property name="user.country" value="ES"/>
    <property name="groovy.use.classvalue" value="false"/>
    <property name="mp.openapi.extensions.smallrye.defaultProduces" value="application/json"/>
    <property name="sun.boot.library.path" value="/Users/JPBEDBEN/.sdkman/candidates/java/21.0.2-graalce/lib"/>
    <property name="sun.java.command" value="/Users/JPBEDBEN/Documents/Github/Intervew-MercadoLibre-Senior-Backend-developer/target/surefire/surefirebooter-20250915000546137_3.jar /Users/JPBEDBEN/Documents/Github/Intervew-MercadoLibre-Senior-Backend-developer/target/surefire 2025-09-15T00-05-46_096-jvmRun1 surefire-20250915000546137_1tmp surefire_0-20250915000546137_2tmp"/>
    <property name="http.nonProxyHosts" value="local|*.local|169.254/16|*.169.254/16"/>
    <property name="jdk.debug" value="release"/>
    <property name="maven.home" value="/Users/JPBEDBEN/.sdkman/candidates/maven/current"/>
    <property name="surefire.test.class.path" value="/Users/JPBEDBEN/Documents/Github/Intervew-MercadoLibre-Senior-Backend-developer/target/test-classes:/Users/JPBEDBEN/Documents/Github/Intervew-MercadoLibre-Senior-Backend-developer/target/classes:/Users/JPBEDBEN/.m2/repository/io/quarkus/quarkus-resteasy-reactive-jackson/3.8.1/quarkus-resteasy-reactive-jackson-3.8.1.jar:/Users/JPBEDBEN/.m2/repository/io/quarkus/quarkus-resteasy-reactive/3.8.1/quarkus-resteasy-reactive-3.8.1.jar:/Users/JPBEDBEN/.m2/repository/io/quarkus/quarkus-resteasy-reactive-common/3.8.1/quarkus-resteasy-reactive-common-3.8.1.jar:/Users/JPBEDBEN/.m2/repository/io/quarkus/resteasy/reactive/resteasy-reactive-common/3.8.1/resteasy-reactive-common-3.8.1.jar:/Users/JPBEDBEN/.m2/repository/io/quarkus/resteasy/reactive/resteasy-reactive-common-types/3.8.1/resteasy-reactive-common-types-3.8.1.jar:/Users/JPBEDBEN/.m2/repository/org/reactivestreams/reactive-streams/1.0.4/reactive-streams-1.0.4.jar:/Users/JPBEDBEN/.m2/repository/io/smallrye/reactive/mutiny-zero-flow-adapters/1.0.0/mutiny-zero-flow-adapters-1.0.0.jar:/Users/JPBEDBEN/.m2/repository/io/quarkus/resteasy/reactive/resteasy-reactive-vertx/3.8.1/resteasy-reactive-vertx-3.8.1.jar:/Users/JPBEDBEN/.m2/repository/io/smallrye/reactive/smallrye-mutiny-vertx-core/3.9.0/smallrye-mutiny-vertx-core-3.9.0.jar:/Users/JPBEDBEN/.m2/repository/io/smallrye/reactive/smallrye-mutiny-vertx-runtime/3.9.0/smallrye-mutiny-vertx-runtime-3.9.0.jar:/Users/JPBEDBEN/.m2/repository/io/smallrye/reactive/vertx-mutiny-generator/3.9.0/vertx-mutiny-generator-3.9.0.jar:/Users/JPBEDBEN/.m2/repository/io/vertx/vertx-codegen/4.5.3/vertx-codegen-4.5.3.jar:/Users/JPBEDBEN/.m2/repository/io/quarkus/quarkus-virtual-threads/3.8.1/quarkus-virtual-threads-3.8.1.jar:/Users/JPBEDBEN/.m2/repository/io/vertx/vertx-core/4.5.3/vertx-core-4.5.3.jar:/Users/JPBEDBEN/.m2/repository/io/netty/netty-common/4.1.106.Final/netty-common-4.1.106.Final.jar:/Users/JPBEDBEN/.m2/repository/io/netty/netty-buffer/4.1.106.Final/netty-buffer-4.1.106.Final.jar:/Users/JPBEDBEN/.m2/repository/io/netty/netty-transport/4.1.106.Final/netty-transport-4.1.106.Final.jar:/Users/JPBEDBEN/.m2/repository/io/netty/netty-handler/4.1.106.Final/netty-handler-4.1.106.Final.jar:/Users/JPBEDBEN/.m2/repository/io/netty/netty-transport-native-unix-common/4.1.106.Final/netty-transport-native-unix-common-4.1.106.Final.jar:/Users/JPBEDBEN/.m2/repository/io/netty/netty-handler-proxy/4.1.106.Final/netty-handler-proxy-4.1.106.Final.jar:/Users/JPBEDBEN/.m2/repository/io/netty/netty-codec-socks/4.1.106.Final/netty-codec-socks-4.1.106.Final.jar:/Users/JPBEDBEN/.m2/repository/io/netty/netty-codec-http/4.1.106.Final/netty-codec-http-4.1.106.Final.jar:/Users/JPBEDBEN/.m2/repository/io/netty/netty-codec-http2/4.1.106.Final/netty-codec-http2-4.1.106.Final.jar:/Users/JPBEDBEN/.m2/repository/io/netty/netty-resolver/4.1.106.Final/netty-resolver-4.1.106.Final.jar:/Users/JPBEDBEN/.m2/repository/io/netty/netty-resolver-dns/4.1.106.Final/netty-resolver-dns-4.1.106.Final.jar:/Users/JPBEDBEN/.m2/repository/io/netty/netty-codec-dns/4.1.106.Final/netty-codec-dns-4.1.106.Final.jar:/Users/JPBEDBEN/.m2/repository/io/quarkus/quarkus-resteasy-reactive-jackson-common/3.8.1/quarkus-resteasy-reactive-jackson-common-3.8.1.jar:/Users/JPBEDBEN/.m2/repository/io/quarkus/quarkus-jackson/3.8.1/quarkus-jackson-3.8.1.jar:/Users/JPBEDBEN/.m2/repository/com/fasterxml/jackson/datatype/jackson-datatype-jsr310/2.16.1/jackson-datatype-jsr310-2.16.1.jar:/Users/JPBEDBEN/.m2/repository/com/fasterxml/jackson/datatype/jackson-datatype-jdk8/2.16.1/jackson-datatype-jdk8-2.16.1.jar:/Users/JPBEDBEN/.m2/repository/com/fasterxml/jackson/module/jackson-module-parameter-names/2.16.1/jackson-module-parameter-names-2.16.1.jar:/Users/JPBEDBEN/.m2/repository/io/quarkus/quarkus-hibernate-validator/3.8.1/quarkus-hibernate-validator-3.8.1.jar:/Users/JPBEDBEN/.m2/repository/io/quarkus/quarkus-core/3.8.1/quarkus-core-3.8.1.jar:/Users/JPBEDBEN/.m2/repository/jakarta/annotation/jakarta.annotation-api/2.1.1/jakarta.annotation-api-2.1.1.jar:/Users/JPBEDBEN/.m2/repository/jakarta/enterprise/jakarta.enterprise.cdi-api/4.0.1/jakarta.enterprise.cdi-api-4.0.1.jar:/Users/JPBEDBEN/.m2/repository/jakarta/inject/jakarta.inject-api/2.0.1/jakarta.inject-api-2.0.1.jar:/Users/JPBEDBEN/.m2/repository/io/smallrye/common/smallrye-common-os/2.1.2/smallrye-common-os-2.1.2.jar:/Users/JPBEDBEN/.m2/repository/io/quarkus/quarkus-ide-launcher/3.8.1/quarkus-ide-launcher-3.8.1.jar:/Users/JPBEDBEN/.m2/repository/io/quarkus/quarkus-development-mode-spi/3.8.1/quarkus-development-mode-spi-3.8.1.jar:/Users/JPBEDBEN/.m2/repository/io/smallrye/config/smallrye-config/3.5.4/smallrye-config-3.5.4.jar:/Users/JPBEDBEN/.m2/repository/io/smallrye/config/smallrye-config-core/3.5.4/smallrye-config-core-3.5.4.jar:/Users/JPBEDBEN/.m2/repository/io/smallrye/common/smallrye-common-classloader/2.1.2/smallrye-common-classloader-2.1.2.jar:/Users/JPBEDBEN/.m2/repository/io/smallrye/config/smallrye-config-common/3.5.4/smallrye-config-common-3.5.4.jar:/Users/JPBEDBEN/.m2/repository/org/jboss/logging/jboss-logging/3.5.3.Final/jboss-logging-3.5.3.Final.jar:/Users/JPBEDBEN/.m2/repository/org/jboss/logmanager/jboss-logmanager/3.0.4.Final/jboss-logmanager-3.0.4.Final.jar:/Users/JPBEDBEN/.m2/repository/io/smallrye/common/smallrye-common-constraint/2.1.2/smallrye-common-constraint-2.1.2.jar:/Users/JPBEDBEN/.m2/repository/io/smallrye/common/smallrye-common-cpu/2.1.2/smallrye-common-cpu-2.1.2.jar:/Users/JPBEDBEN/.m2/repository/io/smallrye/common/smallrye-common-expression/2.1.2/smallrye-common-expression-2.1.2.jar:/Users/JPBEDBEN/.m2/repository/io/smallrye/common/smallrye-common-function/2.1.2/smallrye-common-function-2.1.2.jar:/Users/JPBEDBEN/.m2/repository/io/smallrye/common/smallrye-common-net/2.1.2/smallrye-common-net-2.1.2.jar:/Users/JPBEDBEN/.m2/repository/io/smallrye/common/smallrye-common-ref/2.1.2/smallrye-common-ref-2.1.2.jar:/Users/JPBEDBEN/.m2/repository/org/jboss/logging/jboss-logging-annotations/2.2.1.Final/jboss-logging-annotations-2.2.1.Final.jar:/Users/JPBEDBEN/.m2/repository/org/jboss/threads/jboss-threads/3.5.1.Final/jboss-threads-3.5.1.Final.jar:/Users/JPBEDBEN/.m2/repository/org/jboss/slf4j/slf4j-jboss-logmanager/2.0.0.Final/slf4j-jboss-logmanager-2.0.0.Final.jar:/Users/JPBEDBEN/.m2/repository/org/wildfly/common/wildfly-common/1.7.0.Final/wildfly-common-1.7.0.Final.jar:/Users/JPBEDBEN/.m2/repository/io/quarkus/quarkus-bootstrap-runner/3.8.1/quarkus-bootstrap-runner-3.8.1.jar:/Users/JPBEDBEN/.m2/repository/io/quarkus/quarkus-fs-util/0.0.10/quarkus-fs-util-0.0.10.jar:/Users/JPBEDBEN/.m2/repository/org/hibernate/validator/hibernate-validator/8.0.1.Final/hibernate-validator-8.0.1.Final.jar:/Users/JPBEDBEN/.m2/repository/jakarta/validation/jakarta.validation-api/3.0.2/jakarta.validation-api-3.0.2.jar:/Users/JPBEDBEN/.m2/repository/com/fasterxml/classmate/1.6.0/classmate-1.6.0.jar:/Users/JPBEDBEN/.m2/repository/org/glassfish/expressly/expressly/5.0.0/expressly-5.0.0.jar:/Users/JPBEDBEN/.m2/repository/jakarta/el/jakarta.el-api/5.0.1/jakarta.el-api-5.0.1.jar:/Users/JPBEDBEN/.m2/repository/io/smallrye/config/smallrye-config-validator/3.5.4/smallrye-config-validator-3.5.4.jar:/Users/JPBEDBEN/.m2/repository/jakarta/ws/rs/jakarta.ws.rs-api/3.1.0/jakarta.ws.rs-api-3.1.0.jar:/Users/JPBEDBEN/.m2/repository/io/quarkus/quarkus-smallrye-openapi/3.8.1/quarkus-smallrye-openapi-3.8.1.jar:/Users/JPBEDBEN/.m2/repository/io/smallrye/smallrye-open-api-core/3.10.0/smallrye-open-api-core-3.10.0.jar:/Users/JPBEDBEN/.m2/repository/org/eclipse/microprofile/config/microprofile-config-api/3.0.3/microprofile-config-api-3.0.3.jar:/Users/JPBEDBEN/.m2/repository/com/fasterxml/jackson/core/jackson-core/2.16.1/jackson-core-2.16.1.jar:/Users/JPBEDBEN/.m2/repository/com/fasterxml/jackson/core/jackson-databind/2.16.1/jackson-databind-2.16.1.jar:/Users/JPBEDBEN/.m2/repository/com/fasterxml/jackson/core/jackson-annotations/2.16.1/jackson-annotations-2.16.1.jar:/Users/JPBEDBEN/.m2/repository/com/fasterxml/jackson/dataformat/jackson-dataformat-yaml/2.16.1/jackson-dataformat-yaml-2.16.1.jar:/Users/JPBEDBEN/.m2/repository/org/yaml/snakeyaml/2.2/snakeyaml-2.2.jar:/Users/JPBEDBEN/.m2/repository/io/smallrye/jandex/3.1.6/jandex-3.1.6.jar:/Users/JPBEDBEN/.m2/repository/io/quarkus/quarkus-vertx-http/3.8.1/quarkus-vertx-http-3.8.1.jar:/Users/JPBEDBEN/.m2/repository/io/quarkus/quarkus-security-runtime-spi/3.8.1/quarkus-security-runtime-spi-3.8.1.jar:/Users/JPBEDBEN/.m2/repository/io/quarkus/quarkus-credentials/3.8.1/quarkus-credentials-3.8.1.jar:/Users/JPBEDBEN/.m2/repository/io/smallrye/common/smallrye-common-vertx-context/2.1.2/smallrye-common-vertx-context-2.1.2.jar:/Users/JPBEDBEN/.m2/repository/io/quarkus/security/quarkus-security/2.0.3.Final/quarkus-security-2.0.3.Final.jar:/Users/JPBEDBEN/.m2/repository/io/quarkus/quarkus-vertx/3.8.1/quarkus-vertx-3.8.1.jar:/Users/JPBEDBEN/.m2/repository/io/quarkus/quarkus-netty/3.8.1/quarkus-netty-3.8.1.jar:/Users/JPBEDBEN/.m2/repository/io/netty/netty-codec/4.1.106.Final/netty-codec-4.1.106.Final.jar:/Users/JPBEDBEN/.m2/repository/com/aayushatharva/brotli4j/brotli4j/1.14.0/brotli4j-1.14.0.jar:/Users/JPBEDBEN/.m2/repository/com/aayushatharva/brotli4j/service/1.14.0/service-1.14.0.jar:/Users/JPBEDBEN/.m2/repository/com/aayushatharva/brotli4j/native-osx-aarch64/1.14.0/native-osx-aarch64-1.14.0.jar:/Users/JPBEDBEN/.m2/repository/io/netty/netty-codec-haproxy/4.1.106.Final/netty-codec-haproxy-4.1.106.Final.jar:/Users/JPBEDBEN/.m2/repository/io/smallrye/common/smallrye-common-annotation/2.1.2/smallrye-common-annotation-2.1.2.jar:/Users/JPBEDBEN/.m2/repository/io/quarkus/quarkus-vertx-latebound-mdc-provider/3.8.1/quarkus-vertx-latebound-mdc-provider-3.8.1.jar:/Users/JPBEDBEN/.m2/repository/io/smallrye/smallrye-fault-tolerance-vertx/6.2.6/smallrye-fault-tolerance-vertx-6.2.6.jar:/Users/JPBEDBEN/.m2/repository/io/smallrye/reactive/smallrye-mutiny-vertx-web/3.9.0/smallrye-mutiny-vertx-web-3.9.0.jar:/Users/JPBEDBEN/.m2/repository/io/smallrye/reactive/smallrye-mutiny-vertx-web-common/3.9.0/smallrye-mutiny-vertx-web-common-3.9.0.jar:/Users/JPBEDBEN/.m2/repository/io/smallrye/reactive/smallrye-mutiny-vertx-auth-common/3.9.0/smallrye-mutiny-vertx-auth-common-3.9.0.jar:/Users/JPBEDBEN/.m2/repository/io/smallrye/reactive/smallrye-mutiny-vertx-bridge-common/3.9.0/smallrye-mutiny-vertx-bridge-common-3.9.0.jar:/Users/JPBEDBEN/.m2/repository/io/smallrye/reactive/smallrye-mutiny-vertx-uri-template/3.9.0/smallrye-mutiny-vertx-uri-template-3.9.0.jar:/Users/JPBEDBEN/.m2/repository/io/vertx/vertx-uri-template/4.5.3/vertx-uri-template-4.5.3.jar:/Users/JPBEDBEN/.m2/repository/io/vertx/vertx-web/4.5.3/vertx-web-4.5.3.jar:/Users/JPBEDBEN/.m2/repository/io/vertx/vertx-web-common/4.5.3/vertx-web-common-4.5.3.jar:/Users/JPBEDBEN/.m2/repository/io/vertx/vertx-auth-common/4.5.3/vertx-auth-common-4.5.3.jar:/Users/JPBEDBEN/.m2/repository/io/vertx/vertx-bridge-common/4.5.3/vertx-bridge-common-4.5.3.jar:/Users/JPBEDBEN/.m2/repository/io/github/crac/org-crac/0.1.3/org-crac-0.1.3.jar:/Users/JPBEDBEN/.m2/repository/io/quarkus/quarkus-swagger-ui/3.8.1/quarkus-swagger-ui-3.8.1.jar:/Users/JPBEDBEN/.m2/repository/io/quarkus/quarkus-smallrye-health/3.8.1/quarkus-smallrye-health-3.8.1.jar:/Users/JPBEDBEN/.m2/repository/io/smallrye/smallrye-health/4.1.0/smallrye-health-4.1.0.jar:/Users/JPBEDBEN/.m2/repository/org/eclipse/microprofile/health/microprofile-health-api/4.0.1/microprofile-health-api-4.0.1.jar:/Users/JPBEDBEN/.m2/repository/io/smallrye/smallrye-health-api/4.1.0/smallrye-health-api-4.1.0.jar:/Users/JPBEDBEN/.m2/repository/jakarta/json/jakarta.json-api/2.1.3/jakarta.json-api-2.1.3.jar:/Users/JPBEDBEN/.m2/repository/io/smallrye/smallrye-health-provided-checks/4.1.0/smallrye-health-provided-checks-4.1.0.jar:/Users/JPBEDBEN/.m2/repository/io/quarkus/quarkus-jsonp/3.8.1/quarkus-jsonp-3.8.1.jar:/Users/JPBEDBEN/.m2/repository/org/eclipse/parsson/parsson/1.1.5/parsson-1.1.5.jar:/Users/JPBEDBEN/.m2/repository/io/quarkus/quarkus-arc/3.8.1/quarkus-arc-3.8.1.jar:/Users/JPBEDBEN/.m2/repository/io/quarkus/arc/arc/3.8.1/arc-3.8.1.jar:/Users/JPBEDBEN/.m2/repository/jakarta/transaction/jakarta.transaction-api/2.0.1/jakarta.transaction-api-2.0.1.jar:/Users/JPBEDBEN/.m2/repository/io/smallrye/reactive/mutiny/2.5.7/mutiny-2.5.7.jar:/Users/JPBEDBEN/.m2/repository/org/eclipse/microprofile/context-propagation/microprofile-context-propagation-api/1.3/microprofile-context-propagation-api-1.3.jar:/Users/JPBEDBEN/.m2/repository/jakarta/platform/jakarta.jakartaee-api/11.0.0-M4/jakarta.jakartaee-api-11.0.0-M4.jar:/Users/JPBEDBEN/.m2/repository/jakarta/platform/jakarta.jakartaee-web-api/11.0.0-M4/jakarta.jakartaee-web-api-11.0.0-M4.jar:/Users/JPBEDBEN/.m2/repository/jakarta/servlet/jakarta.servlet-api/6.0.0/jakarta.servlet-api-6.0.0.jar:/Users/JPBEDBEN/.m2/repository/jakarta/servlet/jsp/jakarta.servlet.jsp-api/4.0.0/jakarta.servlet.jsp-api-4.0.0.jar:/Users/JPBEDBEN/.m2/repository/jakarta/data/jakarta.data-api/1.0.0/jakarta.data-api-1.0.0.jar:/Users/JPBEDBEN/.m2/repository/jakarta/enterprise/jakarta.enterprise.cdi-el-api/4.1.0/jakarta.enterprise.cdi-el-api-4.1.0.jar:/Users/JPBEDBEN/.m2/repository/jakarta/servlet/jsp/jstl/jakarta.servlet.jsp.jstl-api/3.0.0/jakarta.servlet.jsp.jstl-api-3.0.0.jar:/Users/JPBEDBEN/.m2/repository/jakarta/faces/jakarta.faces-api/4.1.0/jakarta.faces-api-4.1.0.jar:/Users/JPBEDBEN/.m2/repository/jakarta/websocket/jakarta.websocket-api/2.1.1/jakarta.websocket-api-2.1.1.jar:/Users/JPBEDBEN/.m2/repository/jakarta/websocket/jakarta.websocket-client-api/2.2.0/jakarta.websocket-client-api-2.2.0.jar:/Users/JPBEDBEN/.m2/repository/jakarta/ejb/jakarta.ejb-api/4.0.1/jakarta.ejb-api-4.0.1.jar:/Users/JPBEDBEN/.m2/repository/jakarta/persistence/jakarta.persistence-api/3.1.0/jakarta.persistence-api-3.1.0.jar:/Users/JPBEDBEN/.m2/repository/jakarta/authentication/jakarta.authentication-api/3.0.0/jakarta.authentication-api-3.0.0.jar:/Users/JPBEDBEN/.m2/repository/jakarta/security/enterprise/jakarta.security.enterprise-api/4.0.0/jakarta.security.enterprise-api-4.0.0.jar:/Users/JPBEDBEN/.m2/repository/jakarta/enterprise/concurrent/jakarta.enterprise.concurrent-api/3.1.0/jakarta.enterprise.concurrent-api-3.1.0.jar:/Users/JPBEDBEN/.m2/repository/jakarta/platform/jakarta.jakartaee-core-api/11.0.0-M4/jakarta.jakartaee-core-api-11.0.0-M4.jar:/Users/JPBEDBEN/.m2/repository/jakarta/json/bind/jakarta.json.bind-api/3.0.0/jakarta.json.bind-api-3.0.0.jar:/Users/JPBEDBEN/.m2/repository/jakarta/interceptor/jakarta.interceptor-api/2.1.0/jakarta.interceptor-api-2.1.0.jar:/Users/JPBEDBEN/.m2/repository/jakarta/enterprise/jakarta.enterprise.lang-model/4.1.0/jakarta.enterprise.lang-model-4.1.0.jar:/Users/JPBEDBEN/.m2/repository/jakarta/jms/jakarta.jms-api/3.1.0/jakarta.jms-api-3.1.0.jar:/Users/JPBEDBEN/.m2/repository/jakarta/activation/jakarta.activation-api/2.1.2/jakarta.activation-api-2.1.2.jar:/Users/JPBEDBEN/.m2/repository/jakarta/mail/jakarta.mail-api/2.1.3/jakarta.mail-api-2.1.3.jar:/Users/JPBEDBEN/.m2/repository/jakarta/resource/jakarta.resource-api/2.1.0/jakarta.resource-api-2.1.0.jar:/Users/JPBEDBEN/.m2/repository/jakarta/authorization/jakarta.authorization-api/2.1.0/jakarta.authorization-api-2.1.0.jar:/Users/JPBEDBEN/.m2/repository/jakarta/batch/jakarta.batch-api/2.1.1/jakarta.batch-api-2.1.1.jar:/Users/JPBEDBEN/.m2/repository/io/quarkus/quarkus-rest-client-reactive-jackson/3.8.1/quarkus-rest-client-reactive-jackson-3.8.1.jar:/Users/JPBEDBEN/.m2/repository/io/quarkus/resteasy/reactive/resteasy-reactive-jackson/3.8.1/resteasy-reactive-jackson-3.8.1.jar:/Users/JPBEDBEN/.m2/repository/io/quarkus/resteasy/reactive/resteasy-reactive/3.8.1/resteasy-reactive-3.8.1.jar:/Users/JPBEDBEN/.m2/repository/org/jboss/logging/commons-logging-jboss-logging/1.0.0.Final/commons-logging-jboss-logging-1.0.0.Final.jar:/Users/JPBEDBEN/.m2/repository/jakarta/xml/bind/jakarta.xml.bind-api/4.0.1/jakarta.xml.bind-api-4.0.1.jar:/Users/JPBEDBEN/.m2/repository/io/quarkus/quarkus-rest-client-reactive/3.8.1/quarkus-rest-client-reactive-3.8.1.jar:/Users/JPBEDBEN/.m2/repository/io/quarkus/quarkus-jaxrs-client-reactive/3.8.1/quarkus-jaxrs-client-reactive-3.8.1.jar:/Users/JPBEDBEN/.m2/repository/io/quarkus/resteasy/reactive/resteasy-reactive-client/3.8.1/resteasy-reactive-client-3.8.1.jar:/Users/JPBEDBEN/.m2/repository/io/vertx/vertx-web-client/4.5.3/vertx-web-client-4.5.3.jar:/Users/JPBEDBEN/.m2/repository/io/quarkus/quarkus-smallrye-stork/3.8.1/quarkus-smallrye-stork-3.8.1.jar:/Users/JPBEDBEN/.m2/repository/io/quarkus/quarkus-rest-client-config/3.8.1/quarkus-rest-client-config-3.8.1.jar:/Users/JPBEDBEN/.m2/repository/io/smallrye/stork/stork-api/2.5.0/stork-api-2.5.0.jar:/Users/JPBEDBEN/.m2/repository/io/smallrye/stork/stork-core/2.5.0/stork-core-2.5.0.jar:/Users/JPBEDBEN/.m2/repository/org/eclipse/microprofile/rest/client/microprofile-rest-client-api/3.0.1/microprofile-rest-client-api-3.0.1.jar:/Users/JPBEDBEN/.m2/repository/io/quarkus/quarkus-junit5/3.8.1/quarkus-junit5-3.8.1.jar:/Users/JPBEDBEN/.m2/repository/io/quarkus/quarkus-bootstrap-core/3.8.1/quarkus-bootstrap-core-3.8.1.jar:/Users/JPBEDBEN/.m2/repository/io/quarkus/quarkus-bootstrap-app-model/3.8.1/quarkus-bootstrap-app-model-3.8.1.jar:/Users/JPBEDBEN/.m2/repository/io/smallrye/common/smallrye-common-io/2.1.2/smallrye-common-io-2.1.2.jar:/Users/JPBEDBEN/.m2/repository/org/eclipse/sisu/org.eclipse.sisu.inject/0.9.0.M2/org.eclipse.sisu.inject-0.9.0.M2.jar:/Users/JPBEDBEN/.m2/repository/io/quarkus/quarkus-test-common/3.8.1/quarkus-test-common-3.8.1.jar:/Users/JPBEDBEN/.m2/repository/io/quarkus/quarkus-core-deployment/3.8.1/quarkus-core-deployment-3.8.1.jar:/Users/JPBEDBEN/.m2/repository/org/aesh/readline/2.4/readline-2.4.jar:/Users/JPBEDBEN/.m2/repository/org/fusesource/jansi/jansi/2.4.0/jansi-2.4.0.jar:/Users/JPBEDBEN/.m2/repository/org/aesh/aesh/2.7/aesh-2.7.jar:/Users/JPBEDBEN/.m2/repository/io/quarkus/gizmo/gizmo/1.7.0/gizmo-1.7.0.jar:/Users/JPBEDBEN/.m2/repository/org/ow2/asm/asm-util/9.6/asm-util-9.6.jar:/Users/JPBEDBEN/.m2/repository/org/ow2/asm/asm-analysis/9.6/asm-analysis-9.6.jar:/Users/JPBEDBEN/.m2/repository/org/ow2/asm/asm/9.6/asm-9.6.jar:/Users/JPBEDBEN/.m2/repository/org/ow2/asm/asm-commons/9.6/asm-commons-9.6.jar:/Users/JPBEDBEN/.m2/repository/org/ow2/asm/asm-tree/9.6/asm-tree-9.6.jar:/Users/JPBEDBEN/.m2/repository/io/quarkus/quarkus-class-change-agent/3.8.1/quarkus-class-change-agent-3.8.1.jar:/Users/JPBEDBEN/.m2/repository/io/quarkus/quarkus-devtools-utilities/3.8.1/quarkus-devtools-utilities-3.8.1.jar:/Users/JPBEDBEN/.m2/repository/io/quarkus/quarkus-builder/3.8.1/quarkus-builder-3.8.1.jar:/Users/JPBEDBEN/.m2/repository/org/graalvm/sdk/graal-sdk/23.0.1/graal-sdk-23.0.1.jar:/Users/JPBEDBEN/.m2/repository/org/junit/platform/junit-platform-launcher/1.10.1/junit-platform-launcher-1.10.1.jar:/Users/JPBEDBEN/.m2/repository/io/quarkus/quarkus-bootstrap-maven-resolver/3.8.1/quarkus-bootstrap-maven-resolver-3.8.1.jar:/Users/JPBEDBEN/.m2/repository/io/smallrye/beanbag/smallrye-beanbag-maven/1.4.0/smallrye-beanbag-maven-1.4.0.jar:/Users/JPBEDBEN/.m2/repository/io/smallrye/beanbag/smallrye-beanbag-sisu/1.4.0/smallrye-beanbag-sisu-1.4.0.jar:/Users/JPBEDBEN/.m2/repository/io/smallrye/beanbag/smallrye-beanbag/1.4.0/smallrye-beanbag-1.4.0.jar:/Users/JPBEDBEN/.m2/repository/javax/inject/javax.inject/1/javax.inject-1.jar:/Users/JPBEDBEN/.m2/repository/org/apache/maven/maven-artifact/3.9.6/maven-artifact-3.9.6.jar:/Users/JPBEDBEN/.m2/repository/org/apache/maven/maven-builder-support/3.9.6/maven-builder-support-3.9.6.jar:/Users/JPBEDBEN/.m2/repository/org/apache/maven/maven-model/3.9.6/maven-model-3.9.6.jar:/Users/JPBEDBEN/.m2/repository/org/apache/maven/maven-model-builder/3.9.6/maven-model-builder-3.9.6.jar:/Users/JPBEDBEN/.m2/repository/org/apache/maven/maven-repository-metadata/3.9.6/maven-repository-metadata-3.9.6.jar:/Users/JPBEDBEN/.m2/repository/org/apache/maven/maven-settings/3.9.6/maven-settings-3.9.6.jar:/Users/JPBEDBEN/.m2/repository/org/apache/maven/resolver/maven-resolver-api/1.9.18/maven-resolver-api-1.9.18.jar:/Users/JPBEDBEN/.m2/repository/org/apache/maven/resolver/maven-resolver-impl/1.9.18/maven-resolver-impl-1.9.18.jar:/Users/JPBEDBEN/.m2/repository/org/apache/maven/resolver/maven-resolver-named-locks/1.9.18/maven-resolver-named-locks-1.9.18.jar:/Users/JPBEDBEN/.m2/repository/org/apache/maven/resolver/maven-resolver-spi/1.9.18/maven-resolver-spi-1.9.18.jar:/Users/JPBEDBEN/.m2/repository/org/apache/maven/resolver/maven-resolver-util/1.9.18/maven-resolver-util-1.9.18.jar:/Users/JPBEDBEN/.m2/repository/org/apache/maven/resolver/maven-resolver-transport-http/1.9.18/maven-resolver-transport-http-1.9.18.jar:/Users/JPBEDBEN/.m2/repository/org/apache/maven/wagon/wagon-provider-api/3.5.3/wagon-provider-api-3.5.3.jar:/Users/JPBEDBEN/.m2/repository/org/apache/maven/wagon/wagon-http-shared/3.5.3/wagon-http-shared-3.5.3.jar:/Users/JPBEDBEN/.m2/repository/org/codehaus/plexus/plexus-interpolation/1.26/plexus-interpolation-1.26.jar:/Users/JPBEDBEN/.m2/repository/org/codehaus/plexus/plexus-utils/3.5.1/plexus-utils-3.5.1.jar:/Users/JPBEDBEN/.m2/repository/org/codehaus/plexus/plexus-xml/4.0.0/plexus-xml-4.0.0.jar:/Users/JPBEDBEN/.m2/repository/org/apache/maven/maven-xml-impl/4.0.0-alpha-5/maven-xml-impl-4.0.0-alpha-5.jar:/Users/JPBEDBEN/.m2/repository/org/apache/maven/maven-api-xml/4.0.0-alpha-5/maven-api-xml-4.0.0-alpha-5.jar:/Users/JPBEDBEN/.m2/repository/org/apache/maven/maven-api-meta/4.0.0-alpha-5/maven-api-meta-4.0.0-alpha-5.jar:/Users/JPBEDBEN/.m2/repository/org/codehaus/plexus/plexus-cipher/2.0/plexus-cipher-2.0.jar:/Users/JPBEDBEN/.m2/repository/org/codehaus/plexus/plexus-sec-dispatcher/2.0/plexus-sec-dispatcher-2.0.jar:/Users/JPBEDBEN/.m2/repository/org/apache/maven/maven-embedder/3.9.6/maven-embedder-3.9.6.jar:/Users/JPBEDBEN/.m2/repository/org/apache/maven/maven-core/3.9.6/maven-core-3.9.6.jar:/Users/JPBEDBEN/.m2/repository/org/codehaus/plexus/plexus-component-annotations/2.1.0/plexus-component-annotations-2.1.0.jar:/Users/JPBEDBEN/.m2/repository/org/apache/maven/maven-plugin-api/3.9.6/maven-plugin-api-3.9.6.jar:/Users/JPBEDBEN/.m2/repository/org/apache/maven/shared/maven-shared-utils/3.3.4/maven-shared-utils-3.3.4.jar:/Users/JPBEDBEN/.m2/repository/com/google/inject/guice/5.1.0/guice-5.1.0.jar:/Users/JPBEDBEN/.m2/repository/aopalliance/aopalliance/1.0/aopalliance-1.0.jar:/Users/JPBEDBEN/.m2/repository/com/google/guava/guava/33.0.0-jre/guava-33.0.0-jre.jar:/Users/JPBEDBEN/.m2/repository/com/google/guava/failureaccess/1.0.1/failureaccess-1.0.1.jar:/Users/JPBEDBEN/.m2/repository/javax/annotation/javax.annotation-api/1.3.2/javax.annotation-api-1.3.2.jar:/Users/JPBEDBEN/.m2/repository/org/codehaus/plexus/plexus-classworlds/2.6.0/plexus-classworlds-2.6.0.jar:/Users/JPBEDBEN/.m2/repository/commons-cli/commons-cli/1.5.0/commons-cli-1.5.0.jar:/Users/JPBEDBEN/.m2/repository/org/eclipse/sisu/org.eclipse.sisu.plexus/0.9.0.M2/org.eclipse.sisu.plexus-0.9.0.M2.jar:/Users/JPBEDBEN/.m2/repository/org/apache/maven/maven-settings-builder/3.9.6/maven-settings-builder-3.9.6.jar:/Users/JPBEDBEN/.m2/repository/org/apache/maven/maven-resolver-provider/3.9.6/maven-resolver-provider-3.9.6.jar:/Users/JPBEDBEN/.m2/repository/org/apache/maven/resolver/maven-resolver-connector-basic/1.9.18/maven-resolver-connector-basic-1.9.18.jar:/Users/JPBEDBEN/.m2/repository/org/apache/maven/resolver/maven-resolver-transport-wagon/1.9.18/maven-resolver-transport-wagon-1.9.18.jar:/Users/JPBEDBEN/.m2/repository/org/apache/maven/wagon/wagon-http/3.5.3/wagon-http-3.5.3.jar:/Users/JPBEDBEN/.m2/repository/org/apache/maven/wagon/wagon-file/3.5.3/wagon-file-3.5.3.jar:/Users/JPBEDBEN/.m2/repository/io/quarkus/quarkus-bootstrap-gradle-resolver/3.8.1/quarkus-bootstrap-gradle-resolver-3.8.1.jar:/Users/JPBEDBEN/.m2/repository/commons-io/commons-io/2.15.1/commons-io-2.15.1.jar:/Users/JPBEDBEN/.m2/repository/io/quarkus/quarkus-junit5-properties/3.8.1/quarkus-junit5-properties-3.8.1.jar:/Users/JPBEDBEN/.m2/repository/org/junit/jupiter/junit-jupiter/5.10.1/junit-jupiter-5.10.1.jar:/Users/JPBEDBEN/.m2/repository/org/junit/jupiter/junit-jupiter-params/5.10.1/junit-jupiter-params-5.10.1.jar:/Users/JPBEDBEN/.m2/repository/org/junit/jupiter/junit-jupiter-engine/5.10.1/junit-jupiter-engine-5.10.1.jar:/Users/JPBEDBEN/.m2/repository/org/junit/platform/junit-platform-engine/1.10.1/junit-platform-engine-1.10.1.jar:/Users/JPBEDBEN/.m2/repository/com/thoughtworks/xstream/xstream/1.4.20/xstream-1.4.20.jar:/Users/JPBEDBEN/.m2/repository/io/github/x-stream/mxparser/1.2.2/mxparser-1.2.2.jar:/Users/JPBEDBEN/.m2/repository/xmlpull/xmlpull/1.1.3.1/xmlpull-1.1.3.1.jar:/Users/JPBEDBEN/.m2/repository/io/rest-assured/rest-assured/5.4.0/rest-assured-5.4.0.jar:/Users/JPBEDBEN/.m2/repository/org/apache/groovy/groovy/4.0.16/groovy-4.0.16.jar:/Users/JPBEDBEN/.m2/repository/org/apache/groovy/groovy-xml/4.0.16/groovy-xml-4.0.16.jar:/Users/JPBEDBEN/.m2/repository/org/apache/httpcomponents/httpclient/4.5.14/httpclient-4.5.14.jar:/Users/JPBEDBEN/.m2/repository/org/apache/httpcomponents/httpcore/4.4.16/httpcore-4.4.16.jar:/Users/JPBEDBEN/.m2/repository/commons-codec/commons-codec/1.16.1/commons-codec-1.16.1.jar:/Users/JPBEDBEN/.m2/repository/org/apache/httpcomponents/httpmime/4.5.14/httpmime-4.5.14.jar:/Users/JPBEDBEN/.m2/repository/org/hamcrest/hamcrest/2.2/hamcrest-2.2.jar:/Users/JPBEDBEN/.m2/repository/org/ccil/cowan/tagsoup/tagsoup/1.2.1/tagsoup-1.2.1.jar:/Users/JPBEDBEN/.m2/repository/io/rest-assured/json-path/5.4.0/json-path-5.4.0.jar:/Users/JPBEDBEN/.m2/repository/org/apache/groovy/groovy-json/4.0.16/groovy-json-4.0.16.jar:/Users/JPBEDBEN/.m2/repository/io/rest-assured/rest-assured-common/5.4.0/rest-assured-common-5.4.0.jar:/Users/JPBEDBEN/.m2/repository/io/rest-assured/xml-path/5.4.0/xml-path-5.4.0.jar:/Users/JPBEDBEN/.m2/repository/org/apache/commons/commons-lang3/3.14.0/commons-lang3-3.14.0.jar:/Users/JPBEDBEN/.m2/repository/org/mockito/mockito-core/5.8.0/mockito-core-5.8.0.jar:/Users/JPBEDBEN/.m2/repository/net/bytebuddy/byte-buddy/1.14.11/byte-buddy-1.14.11.jar:/Users/JPBEDBEN/.m2/repository/net/bytebuddy/byte-buddy-agent/1.14.10/byte-buddy-agent-1.14.10.jar:/Users/JPBEDBEN/.m2/repository/org/objenesis/objenesis/3.3/objenesis-3.3.jar:/Users/JPBEDBEN/.m2/repository/org/mockito/mockito-junit-jupiter/5.8.0/mockito-junit-jupiter-5.8.0.jar:/Users/JPBEDBEN/.m2/repository/org/junit/jupiter/junit-jupiter-api/5.10.1/junit-jupiter-api-5.10.1.jar:/Users/JPBEDBEN/.m2/repository/org/opentest4j/opentest4j/1.3.0/opentest4j-1.3.0.jar:/Users/JPBEDBEN/.m2/repository/org/junit/platform/junit-platform-commons/1.10.1/junit-platform-commons-1.10.1.jar:/Users/JPBEDBEN/.m2/repository/org/apiguardian/apiguardian-api/1.1.2/apiguardian-api-1.1.2.jar:/Users/JPBEDBEN/.m2/repository/org/projectlombok/lombok/1.18.30/lombok-1.18.30.jar:/Users/JPBEDBEN/.m2/repository/com/jayway/jsonpath/json-path/2.9.0/json-path-2.9.0.jar:/Users/JPBEDBEN/.m2/repository/net/minidev/json-smart/2.5.0/json-smart-2.5.0.jar:/Users/JPBEDBEN/.m2/repository/net/minidev/accessors-smart/2.5.0/accessors-smart-2.5.0.jar:/Users/JPBEDBEN/.m2/repository/org/slf4j/slf4j-api/2.0.6/slf4j-api-2.0.6.jar:/Users/JPBEDBEN/.m2/repository/org/eclipse/microprofile/openapi/microprofile-openapi-api/3.1.1/microprofile-openapi-api-3.1.1.jar:/Users/JPBEDBEN/.m2/repository/io/quarkus/quarkus-junit5-mockito/3.8.1/quarkus-junit5-mockito-3.8.1.jar:/Users/JPBEDBEN/.m2/repository/io/quarkus/quarkus-junit5-mockito-config/3.8.1/quarkus-junit5-mockito-config-3.8.1.jar:/Users/JPBEDBEN/.m2/repository/io/quarkus/quarkus-arc-deployment/3.8.1/quarkus-arc-deployment-3.8.1.jar:/Users/JPBEDBEN/.m2/repository/io/quarkus/quarkus-smallrye-context-propagation-spi/3.8.1/quarkus-smallrye-context-propagation-spi-3.8.1.jar:/Users/JPBEDBEN/.m2/repository/io/quarkus/quarkus-vertx-http-dev-ui-spi/3.8.1/quarkus-vertx-http-dev-ui-spi-3.8.1.jar:/Users/JPBEDBEN/.m2/repository/io/quarkus/arc/arc-processor/3.8.1/arc-processor-3.8.1.jar:/Users/JPBEDBEN/.m2/repository/io/quarkus/quarkus-arc-test-supplement/3.8.1/quarkus-arc-test-supplement-3.8.1.jar:/Users/JPBEDBEN/.m2/repository/org/mockito/mockito-subclass/5.8.0/mockito-subclass-5.8.0.jar:/Users/JPBEDBEN/.m2/repository/io/quarkus/quarkus-mutiny/3.8.1/quarkus-mutiny-3.8.1.jar:/Users/JPBEDBEN/.m2/repository/io/quarkus/quarkus-smallrye-context-propagation/3.8.1/quarkus-smallrye-context-propagation-3.8.1.jar:/Users/JPBEDBEN/.m2/repository/io/smallrye/smallrye-context-propagation/2.1.0/smallrye-context-propagation-2.1.0.jar:/Users/JPBEDBEN/.m2/repository/io/smallrye/smallrye-context-propagation-api/2.1.0/smallrye-context-propagation-api-2.1.0.jar:/Users/JPBEDBEN/.m2/repository/io/smallrye/smallrye-context-propagation-storage/2.1.0/smallrye-context-propagation-storage-2.1.0.jar:/Users/JPBEDBEN/.m2/repository/io/smallrye/reactive/mutiny-smallrye-context-propagation/2.5.7/mutiny-smallrye-context-propagation-2.5.7.jar:"/>
    <property name="sun.cpu.endian" value="little"/>
    <property name="vertx.disableWebsockets" value="true"/>
    <property name="user.home" value="/Users/JPBEDBEN"/>
    <property name="user.language" value="es"/>
    <property name="jboss.log-version" value="false"/>
    <property name="mp.openapi.extensions.smallrye.defaultPrimitivesConsumes" value="text/plain"/>
    <property name="java.specification.vendor" value="Oracle Corporation"/>
    <property name="io.netty.allocator.maxOrder" value="3"/>
    <property name="java.version.date" value="2024-01-16"/>
    <property name="java.home" value="/Users/JPBEDBEN/.sdkman/candidates/java/21.0.2-graalce"/>
    <property name="file.separator" value="/"/>
    <property name="basedir" value="/Users/JPBEDBEN/Documents/Github/Intervew-MercadoLibre-Senior-Backend-developer"/>
    <property name="java.vm.compressedOopsMode" value="Zero based"/>
    <property name="jdk.internal.vm.ci.enabled" value="true"/>
    <property name="line.separator" value="&#10;"/>
    <property name="java.vm.specification.vendor" value="Oracle Corporation"/>
    <property name="java.specification.name" value="Java Platform API Specification"/>
    <property name="apple.awt.application.name" value="ForkedBooter"/>
    <property name="surefire.real.class.path" value="/Users/JPBEDBEN/Documents/Github/Intervew-MercadoLibre-Senior-Backend-developer/target/surefire/surefirebooter-20250915000546137_3.jar"/>
    <property name="mp.openapi.extensions.smallrye.defaultStreamingConsumes" value="application/octet-stream"/>
    <property name="sun.management.compiler" value="HotSpot 64-Bit Tiered Compilers"/>
    <property name="ftp.nonProxyHosts" value="local|*.local|169.254/16|*.169.254/16"/>
    <property name="mp.openapi.extensions.smallrye.defaultPrimitivesProduces" value="text/plain"/>
    <property name="java.runtime.version" value="21.0.2+13-jvmci-23.1-b30"/>
    <property name="user.name" value="JPBEDBEN"/>
    <property name="stdout.encoding" value="UTF-8"/>
    <property name="path.separator" value=":"/>
    <property name="os.version" value="14.7"/>
    <property name="java.runtime.name" value="OpenJDK Runtime Environment"/>
    <property name="file.encoding" value="UTF-8"/>
    <property name="java.vm.name" value="OpenJDK 64-Bit Server VM"/>
    <property name="java.vendor.version" value="GraalVM CE 21.0.2+13.1"/>
    <property name="localRepository" value="/Users/JPBEDBEN/.m2/repository"/>
    <property name="java.vendor.url.bug" value="https://github.com/oracle/graal/issues"/>
    <property name="java.io.tmpdir" value="/var/folders/7h/d2qph02x7cb1wh0hmd9qf82w0000gq/T/"/>
    <property name="quarkus.log.file.path" value="target/quarkus.log"/>
    <property name="java.version" value="21.0.2"/>
    <property name="mp.openapi.extensions.smallrye.defaultStreamingProduces" value="application/octet-stream"/>
    <property name="java.util.concurrent.ForkJoinPool.common.threadFactory" value="io.quarkus.bootstrap.forkjoin.QuarkusForkJoinWorkerThreadFactory"/>
    <property name="user.dir" value="/Users/JPBEDBEN/Documents/Github/Intervew-MercadoLibre-Senior-Backend-developer"/>
    <property name="os.arch" value="aarch64"/>
    <property name="java.vm.specification.name" value="Java Virtual Machine Specification"/>
    <property name="vertx.disableDnsResolver" value="true"/>
    <property name="native.encoding" value="UTF-8"/>
    <property name="java.util.logging.manager" value="org.jboss.logmanager.LogManager"/>
    <property name="java.library.path" value="/Users/JPBEDBEN/Library/Java/Extensions:/Library/Java/Extensions:/Network/Library/Java/Extensions:/System/Library/Java/Extensions:/usr/lib/java:."/>
    <property name="java.vm.info" value="mixed mode, sharing"/>
    <property name="stderr.encoding" value="UTF-8"/>
    <property name="java.vendor" value="GraalVM Community"/>
    <property name="vertx.disableTCCL" value="true"/>
    <property name="java.vm.version" value="21.0.2+13-jvmci-23.1-b30"/>
    <property name="sun.io.unicode.encoding" value="UnicodeBig"/>
    <property name="io.netty.machineId" value="82:aa:c0:32:58:10:5d:43"/>
    <property name="socksNonProxyHosts" value="local|*.local|169.254/16|*.169.254/16"/>
    <property name="java.class.version" value="65.0"/>
    <property name="mp.openapi.extensions.smallrye.defaultConsumes" value="application/json"/>
  </properties>
  <testcase name="shouldHandleValidationWithMultipleErrors" classname="com.ecommerce.catalog.domain.exception.InvalidProductDataExceptionMapperTest" time="0.0"/>
  <testcase name="shouldMapExceptionToBadRequestResponse" classname="com.ecommerce.catalog.domain.exception.InvalidProductDataExceptionMapperTest" time="0.0"/>
  <testcase name="shouldCreateCorrectCauseForInvalidData" classname="com.ecommerce.catalog.domain.exception.InvalidProductDataExceptionMapperTest" time="0.001"/>
  <testcase name="shouldHandleExceptionWithNullMessage" classname="com.ecommerce.catalog.domain.exception.InvalidProductDataExceptionMapperTest" time="0.0"/>
</testsuite>